# JRE version: Java(TM) SE Runtime Environment (17.0.1+12) (build 17.0.1+12-LTS-39)
# Java VM: Java HotSpot(TM) 64-Bit Server VM (17.0.1+12-LTS-39, mixed mode, sharing, tiered, compressed oops, compressed class ptrs, g1 gc, windows-amd64)
GC Precious Log:
 CPUs: 8 total, 8 available
 Memory: 16183M
 Large Page Support: Disabled
 NUMA Support: Disabled
 Compressed Oops: Enabled (Zero based)
 Heap Region Size: 2M
 Heap Min Capacity: 8M
 Heap Initial Capacity: 254M
 Heap Max Capacity: 4046M
 Pre-touch: Disabled
 Parallel Workers: 8
 Concurrent Workers: 2
 Concurrent Refinement Workers: 8
 Periodic GC: Disabled
Heap:
 garbage-first heap   total 161792K, used 77279K [0x0000000703200000, 0x0000000800000000)
  region size 2048K, 31 young (63488K), 2 survivors (4096K)
 Metaspace       used 33259K, committed 33536K, reserved 1081344K
  class space    used 4285K, committed 4416K, reserved 1048576K
GC Heap History (20 events):
Event: 0.553 GC heap before
{Heap before GC invocations=0 (full 0):
 garbage-first heap   total 260096K, used 20480K [0x0000000703200000, 0x0000000800000000)
  region size 2048K, 11 young (22528K), 0 survivors (0K)
 Metaspace       used 4449K, committed 4608K, reserved 1056768K
  class space    used 475K, committed 576K, reserved 1048576K
}
Event: 0.556 GC heap after
{Heap after GC invocations=1 (full 0):
 garbage-first heap   total 260096K, used 7336K [0x0000000703200000, 0x0000000800000000)
  region size 2048K, 2 young (4096K), 2 survivors (4096K)
 Metaspace       used 4449K, committed 4608K, reserved 1056768K
  class space    used 475K, committed 576K, reserved 1048576K
}
Event: 0.559 GC heap before
{Heap before GC invocations=1 (full 0):
 garbage-first heap   total 260096K, used 27816K [0x0000000703200000, 0x0000000800000000)
  region size 2048K, 13 young (26624K), 2 survivors (4096K)
 Metaspace       used 4450K, committed 4672K, reserved 1056768K
  class space    used 475K, committed 576K, reserved 1048576K
}
Event: 0.561 GC heap after
{Heap after GC invocations=2 (full 0):
 garbage-first heap   total 260096K, used 7775K [0x0000000703200000, 0x0000000800000000)
  region size 2048K, 1 young (2048K), 1 survivors (2048K)
 Metaspace       used 4450K, committed 4672K, reserved 1056768K
  class space    used 475K, committed 576K, reserved 1048576K
}
Event: 1.225 GC heap before
{Heap before GC invocations=2 (full 0):
 garbage-first heap   total 260096K, used 77407K [0x0000000703200000, 0x0000000800000000)
  region size 2048K, 36 young (73728K), 1 survivors (2048K)
 Metaspace       used 14230K, committed 14464K, reserved 1064960K
  class space    used 1890K, committed 2048K, reserved 1048576K
}
Event: 1.228 GC heap after
{Heap after GC invocations=3 (full 0):
 garbage-first heap   total 260096K, used 10905K [0x0000000703200000, 0x0000000800000000)
  region size 2048K, 2 young (4096K), 2 survivors (4096K)
 Metaspace       used 14230K, committed 14464K, reserved 1064960K
  class space    used 1890K, committed 2048K, reserved 1048576K
}
Event: 1.987 GC heap before
{Heap before GC invocations=3 (full 0):
 garbage-first heap   total 260096K, used 111257K [0x0000000703200000, 0x0000000800000000)
  region size 2048K, 53 young (108544K), 2 survivors (4096K)
 Metaspace       used 21306K, committed 21504K, reserved 1073152K
  class space    used 2719K, committed 2816K, reserved 1048576K
}
Event: 1.992 GC heap after
{Heap after GC invocations=4 (full 0):
 garbage-first heap   total 260096K, used 14139K [0x0000000703200000, 0x0000000800000000)
  region size 2048K, 4 young (8192K), 4 survivors (8192K)
 Metaspace       used 21306K, committed 21504K, reserved 1073152K
  class space    used 2719K, committed 2816K, reserved 1048576K
}
Event: 2.602 GC heap before
{Heap before GC invocations=5 (full 0):
 garbage-first heap   total 61440K, used 42811K [0x0000000703200000, 0x0000000800000000)
  region size 2048K, 18 young (36864K), 4 survivors (8192K)
 Metaspace       used 25045K, committed 25344K, reserved 1073152K
  class space    used 3229K, committed 3328K, reserved 1048576K
}
Event: 2.607 GC heap after
{Heap after GC invocations=6 (full 0):
 garbage-first heap   total 61440K, used 15670K [0x0000000703200000, 0x0000000800000000)
  region size 2048K, 1 young (2048K), 1 survivors (2048K)
 Metaspace       used 25045K, committed 25344K, reserved 1073152K
  class space    used 3229K, committed 3328K, reserved 1048576K
}
Event: 2.637 GC heap before
{Heap before GC invocations=6 (full 0):
 garbage-first heap   total 61440K, used 15670K [0x0000000703200000, 0x0000000800000000)
  region size 2048K, 2 young (4096K), 1 survivors (2048K)
 Metaspace       used 25220K, committed 25472K, reserved 1073152K
  class space    used 3247K, committed 3328K, reserved 1048576K
}
Event: 2.640 GC heap after
{Heap after GC invocations=7 (full 0):
 garbage-first heap   total 61440K, used 16303K [0x0000000703200000, 0x0000000800000000)
  region size 2048K, 1 young (2048K), 1 survivors (2048K)
 Metaspace       used 25220K, committed 25472K, reserved 1073152K
  class space    used 3247K, committed 3328K, reserved 1048576K
}
Event: 3.551 GC heap before
{Heap before GC invocations=7 (full 0):
 garbage-first heap   total 61440K, used 40879K [0x0000000703200000, 0x0000000800000000)
  region size 2048K, 13 young (26624K), 1 survivors (2048K)
 Metaspace       used 29143K, committed 29440K, reserved 1081344K
  class space    used 3838K, committed 3968K, reserved 1048576K
}
Event: 3.555 GC heap after
{Heap after GC invocations=8 (full 0):
 garbage-first heap   total 61440K, used 18845K [0x0000000703200000, 0x0000000800000000)
  region size 2048K, 2 young (4096K), 2 survivors (4096K)
 Metaspace       used 29143K, committed 29440K, reserved 1081344K
  class space    used 3838K, committed 3968K, reserved 1048576K
}
Event: 3.822 GC heap before
{Heap before GC invocations=8 (full 0):
 garbage-first heap   total 61440K, used 41373K [0x0000000703200000, 0x0000000800000000)
  region size 2048K, 14 young (28672K), 2 survivors (4096K)
 Metaspace       used 30671K, committed 30976K, reserved 1081344K
  class space    used 4000K, committed 4160K, reserved 1048576K
}
Event: 3.825 GC heap after
{Heap after GC invocations=9 (full 0):
 garbage-first heap   total 61440K, used 19839K [0x0000000703200000, 0x0000000800000000)
  region size 2048K, 1 young (2048K), 1 survivors (2048K)
 Metaspace       used 30671K, committed 30976K, reserved 1081344K
  class space    used 4000K, committed 4160K, reserved 1048576K
}
Event: 3.837 GC heap before
{Heap before GC invocations=9 (full 0):
 garbage-first heap   total 61440K, used 42367K [0x0000000703200000, 0x0000000800000000)
  region size 2048K, 13 young (26624K), 1 survivors (2048K)
 Metaspace       used 30672K, committed 30976K, reserved 1081344K
  class space    used 4000K, committed 4160K, reserved 1048576K
}
Event: 3.838 GC heap after
{Heap after GC invocations=10 (full 0):
 garbage-first heap   total 61440K, used 19800K [0x0000000703200000, 0x0000000800000000)
  region size 2048K, 1 young (2048K), 1 survivors (2048K)
 Metaspace       used 30672K, committed 30976K, reserved 1081344K
  class space    used 4000K, committed 4160K, reserved 1048576K
}
Event: 4.038 GC heap before
{Heap before GC invocations=10 (full 0):
 garbage-first heap   total 61440K, used 42328K [0x0000000703200000, 0x0000000800000000)
  region size 2048K, 13 young (26624K), 1 survivors (2048K)
 Metaspace       used 32367K, committed 32704K, reserved 1081344K
  class space    used 4160K, committed 4288K, reserved 1048576K
}
Event: 4.040 GC heap after
{Heap after GC invocations=11 (full 0):
 garbage-first heap   total 161792K, used 21983K [0x0000000703200000, 0x0000000800000000)
  region size 2048K, 2 young (4096K), 2 survivors (4096K)
 Metaspace       used 32367K, committed 32704K, reserved 1081344K
  class space    used 4160K, committed 4288K, reserved 1048576K
}

